<?xml version="1.0" encoding="UTF-8"?>
<testng-results ignored="0" total="1" passed="1" failed="0" skipped="0">
  <reporter-output>
  </reporter-output>
  <suite started-at="2023-09-25T06:34:58Z" name="Default suite" finished-at="2023-09-25T06:35:01Z" duration-ms="2321">
    <groups>
    </groups>
    <test started-at="2023-09-25T06:34:58Z" name="Default test" finished-at="2023-09-25T06:35:01Z" duration-ms="2321">
      <class name="RestAPI.EndtToEndTest">
        <test-method signature="runtestCases()[pri:0, instance:RestAPI.EndtToEndTest@436c81a3]" started-at="2023-09-25T06:34:58Z" name="runtestCases" finished-at="2023-09-25T06:35:01Z" duration-ms="2303" status="PASS">
          <reporter-output>
          </reporter-output>
        </test-method> <!-- runtestCases -->
      </class> <!-- RestAPI.EndtToEndTest -->
    </test> <!-- Default test -->
  </suite> <!-- Default suite -->
</testng-results>
